2023-10-11 13:37:00 290 [main] DEBUG org.apache.ibatis.logging.LogFactory - Logging initialized using 'class org.apache.ibatis.logging.log4j2.Log4j2Impl' adapter.
2023-10-11 14:19:36 756 [main] DEBUG org.apache.ibatis.logging.LogFactory - Logging initialized using 'class org.apache.ibatis.logging.log4j2.Log4j2Impl' adapter.
2023-10-11 14:19:37 117 [main] DEBUG org.mybatis.spring.SqlSessionUtils - Creating a new SqlSession
2023-10-11 14:19:37 126 [main] DEBUG org.mybatis.spring.SqlSessionUtils - SqlSession [org.apache.ibatis.session.defaults.DefaultSqlSession@5241cf67] was not registered for synchronization because synchronization is not active
2023-10-11 14:19:37 148 [main] DEBUG org.mybatis.spring.transaction.SpringManagedTransaction - JDBC Connection [HikariProxyConnection@1101598632 wrapping org.mariadb.jdbc.Connection@3d8bbcdc] will not be managed by Spring
2023-10-11 14:19:37 159 [main] DEBUG userNS.selectUserById - ==>  Preparing: select * from users where userid=?
2023-10-11 14:19:37 185 [main] DEBUG userNS.selectUserById - ==> Parameters: dooly(String)
2023-10-11 14:19:37 232 [main] DEBUG userNS.selectUserById - <==      Total: 1
2023-10-11 14:19:37 233 [main] DEBUG org.mybatis.spring.SqlSessionUtils - Closing non transactional SqlSession [org.apache.ibatis.session.defaults.DefaultSqlSession@5241cf67]
2023-10-11 14:21:12 873 [main] DEBUG org.apache.ibatis.logging.LogFactory - Logging initialized using 'class org.apache.ibatis.logging.log4j2.Log4j2Impl' adapter.
2023-10-11 14:21:13 235 [main] DEBUG org.mybatis.spring.SqlSessionUtils - Creating a new SqlSession
2023-10-11 14:21:13 242 [main] DEBUG org.mybatis.spring.SqlSessionUtils - SqlSession [org.apache.ibatis.session.defaults.DefaultSqlSession@5241cf67] was not registered for synchronization because synchronization is not active
2023-10-11 14:21:13 244 [main] DEBUG org.mybatis.spring.SqlSessionUtils - Closing non transactional SqlSession [org.apache.ibatis.session.defaults.DefaultSqlSession@5241cf67]
2023-10-11 14:21:22 012 [main] DEBUG org.apache.ibatis.logging.LogFactory - Logging initialized using 'class org.apache.ibatis.logging.log4j2.Log4j2Impl' adapter.
2023-10-11 14:21:22 378 [main] DEBUG org.mybatis.spring.SqlSessionUtils - Creating a new SqlSession
2023-10-11 14:21:22 385 [main] DEBUG org.mybatis.spring.SqlSessionUtils - SqlSession [org.apache.ibatis.session.defaults.DefaultSqlSession@5241cf67] was not registered for synchronization because synchronization is not active
2023-10-11 14:21:22 407 [main] DEBUG org.mybatis.spring.transaction.SpringManagedTransaction - JDBC Connection [HikariProxyConnection@1101598632 wrapping org.mariadb.jdbc.Connection@3d8bbcdc] will not be managed by Spring
2023-10-11 14:21:22 420 [main] DEBUG userNS.selectUserById - ==>  Preparing: select * from users where userid=?
2023-10-11 14:21:22 448 [main] DEBUG userNS.selectUserById - ==> Parameters: dooly(String)
2023-10-11 14:21:22 477 [main] DEBUG userNS.selectUserById - <==      Total: 1
2023-10-11 14:21:22 478 [main] DEBUG org.mybatis.spring.SqlSessionUtils - Closing non transactional SqlSession [org.apache.ibatis.session.defaults.DefaultSqlSession@5241cf67]
2023-10-11 15:05:15 722 [main] DEBUG org.mybatis.spring.mapper.ClassPathMapperScanner - Identified candidate component class: file [C:\sts3.9-bundle\workspace\MySpringUser\target\classes\myspring\user\dao\mapper\UserMapper.class]
2023-10-11 15:05:15 910 [main] DEBUG org.apache.ibatis.logging.LogFactory - Logging initialized using 'class org.apache.ibatis.logging.log4j2.Log4j2Impl' adapter.
2023-10-11 15:05:16 135 [main] DEBUG org.mybatis.spring.SqlSessionUtils - Creating a new SqlSession
2023-10-11 15:05:16 141 [main] DEBUG org.mybatis.spring.SqlSessionUtils - SqlSession [org.apache.ibatis.session.defaults.DefaultSqlSession@53f48368] was not registered for synchronization because synchronization is not active
2023-10-11 15:05:16 297 [main] DEBUG org.mybatis.spring.transaction.SpringManagedTransaction - JDBC Connection [HikariProxyConnection@1690050988 wrapping org.mariadb.jdbc.Connection@493dfb8e] will not be managed by Spring
2023-10-11 15:05:16 303 [main] DEBUG myspring.user.dao.mapper.UserMapper.selectUserList - ==>  Preparing: select * from users order by id
2023-10-11 15:05:16 331 [main] DEBUG myspring.user.dao.mapper.UserMapper.selectUserList - ==> Parameters: 
2023-10-11 15:05:16 351 [main] DEBUG myspring.user.dao.mapper.UserMapper.selectUserList - <==      Total: 2
2023-10-11 15:05:16 361 [main] DEBUG org.mybatis.spring.SqlSessionUtils - Closing non transactional SqlSession [org.apache.ibatis.session.defaults.DefaultSqlSession@53f48368]
2023-10-11 15:06:24 023 [main] DEBUG org.mybatis.spring.mapper.ClassPathMapperScanner - Identified candidate component class: file [C:\sts3.9-bundle\workspace\MySpringUser\target\classes\myspring\user\dao\mapper\UserMapper.class]
2023-10-11 15:06:24 199 [main] DEBUG org.apache.ibatis.logging.LogFactory - Logging initialized using 'class org.apache.ibatis.logging.log4j2.Log4j2Impl' adapter.
2023-10-11 15:06:24 410 [main] DEBUG org.mybatis.spring.SqlSessionUtils - Creating a new SqlSession
2023-10-11 15:06:24 419 [main] DEBUG org.mybatis.spring.SqlSessionUtils - SqlSession [org.apache.ibatis.session.defaults.DefaultSqlSession@73db4768] was not registered for synchronization because synchronization is not active
2023-10-11 15:06:24 573 [main] DEBUG org.mybatis.spring.transaction.SpringManagedTransaction - JDBC Connection [HikariProxyConnection@164714495 wrapping org.mariadb.jdbc.Connection@2f162cc0] will not be managed by Spring
2023-10-11 15:06:24 580 [main] DEBUG myspring.user.dao.mapper.UserMapper.selectUserById - ==>  Preparing: select * from users where userid=?
2023-10-11 15:06:24 607 [main] DEBUG myspring.user.dao.mapper.UserMapper.selectUserById - ==> Parameters: dooly(String)
2023-10-11 15:06:24 629 [main] DEBUG myspring.user.dao.mapper.UserMapper.selectUserById - <==      Total: 1
2023-10-11 15:06:24 640 [main] DEBUG org.mybatis.spring.SqlSessionUtils - Closing non transactional SqlSession [org.apache.ibatis.session.defaults.DefaultSqlSession@73db4768]
2023-10-11 15:06:57 025 [main] DEBUG org.mybatis.spring.mapper.ClassPathMapperScanner - Identified candidate component class: file [C:\sts3.9-bundle\workspace\MySpringUser\target\classes\myspring\user\dao\mapper\UserMapper.class]
2023-10-11 15:06:57 205 [main] DEBUG org.apache.ibatis.logging.LogFactory - Logging initialized using 'class org.apache.ibatis.logging.log4j2.Log4j2Impl' adapter.
2023-10-11 15:06:57 422 [main] DEBUG org.mybatis.spring.SqlSessionUtils - Creating a new SqlSession
2023-10-11 15:06:57 437 [main] DEBUG org.mybatis.spring.SqlSessionUtils - SqlSession [org.apache.ibatis.session.defaults.DefaultSqlSession@73db4768] was not registered for synchronization because synchronization is not active
2023-10-11 15:06:57 610 [main] DEBUG org.mybatis.spring.transaction.SpringManagedTransaction - JDBC Connection [HikariProxyConnection@164714495 wrapping org.mariadb.jdbc.Connection@2f162cc0] will not be managed by Spring
2023-10-11 15:06:57 621 [main] DEBUG myspring.user.dao.mapper.UserMapper.selectUserById - ==>  Preparing: select * from users where userid=?
2023-10-11 15:06:57 644 [main] DEBUG myspring.user.dao.mapper.UserMapper.selectUserById - ==> Parameters: gildong(String)
2023-10-11 15:06:57 666 [main] DEBUG myspring.user.dao.mapper.UserMapper.selectUserById - <==      Total: 1
2023-10-11 15:06:57 674 [main] DEBUG org.mybatis.spring.SqlSessionUtils - Closing non transactional SqlSession [org.apache.ibatis.session.defaults.DefaultSqlSession@73db4768]
2023-10-11 15:37:21 612 [main] DEBUG org.mybatis.spring.mapper.ClassPathMapperScanner - Identified candidate component class: file [C:\sts3.9-bundle\workspace\MySpringUser\target\classes\myspring\user\dao\mapper\UserMapper.class]
2023-10-11 15:37:21 799 [main] DEBUG org.apache.ibatis.logging.LogFactory - Logging initialized using 'class org.apache.ibatis.logging.log4j2.Log4j2Impl' adapter.
2023-10-11 15:37:22 017 [main] DEBUG org.mybatis.spring.SqlSessionUtils - Creating a new SqlSession
2023-10-11 15:37:22 023 [main] DEBUG org.mybatis.spring.SqlSessionUtils - SqlSession [org.apache.ibatis.session.defaults.DefaultSqlSession@6f603e89] was not registered for synchronization because synchronization is not active
2023-10-11 15:37:22 170 [main] DEBUG org.mybatis.spring.transaction.SpringManagedTransaction - JDBC Connection [HikariProxyConnection@1721180011 wrapping org.mariadb.jdbc.Connection@50687efb] will not be managed by Spring
2023-10-11 15:37:22 177 [main] DEBUG myspring.user.dao.mapper.UserMapper.selectUserById - ==>  Preparing: select * from users where userid=?
2023-10-11 15:37:22 209 [main] DEBUG myspring.user.dao.mapper.UserMapper.selectUserById - ==> Parameters: gildong(String)
2023-10-11 15:37:22 234 [main] DEBUG myspring.user.dao.mapper.UserMapper.selectUserById - <==      Total: 1
2023-10-11 15:37:22 242 [main] DEBUG org.mybatis.spring.SqlSessionUtils - Closing non transactional SqlSession [org.apache.ibatis.session.defaults.DefaultSqlSession@6f603e89]
2023-10-11 15:37:34 880 [main] DEBUG org.mybatis.spring.mapper.ClassPathMapperScanner - Identified candidate component class: file [C:\sts3.9-bundle\workspace\MySpringUser\target\classes\myspring\user\dao\mapper\UserMapper.class]
2023-10-11 15:37:35 053 [main] DEBUG org.apache.ibatis.logging.LogFactory - Logging initialized using 'class org.apache.ibatis.logging.log4j2.Log4j2Impl' adapter.
2023-10-11 15:37:35 271 [main] DEBUG org.mybatis.spring.SqlSessionUtils - Creating a new SqlSession
2023-10-11 15:37:35 277 [main] DEBUG org.mybatis.spring.SqlSessionUtils - SqlSession [org.apache.ibatis.session.defaults.DefaultSqlSession@6f603e89] was not registered for synchronization because synchronization is not active
2023-10-11 15:37:35 438 [main] DEBUG org.mybatis.spring.transaction.SpringManagedTransaction - JDBC Connection [HikariProxyConnection@1721180011 wrapping org.mariadb.jdbc.Connection@50687efb] will not be managed by Spring
2023-10-11 15:37:35 449 [main] DEBUG myspring.user.dao.mapper.UserMapper.selectUserById - ==>  Preparing: select * from users where userid=?
2023-10-11 15:37:35 474 [main] DEBUG myspring.user.dao.mapper.UserMapper.selectUserById - ==> Parameters: gildong(String)
2023-10-11 15:37:35 499 [main] DEBUG myspring.user.dao.mapper.UserMapper.selectUserById - <==      Total: 1
2023-10-11 15:37:35 515 [main] DEBUG org.mybatis.spring.SqlSessionUtils - Closing non transactional SqlSession [org.apache.ibatis.session.defaults.DefaultSqlSession@6f603e89]
2023-10-11 15:38:44 992 [main] DEBUG org.mybatis.spring.mapper.ClassPathMapperScanner - Identified candidate component class: file [C:\sts3.9-bundle\workspace\MySpringUser\target\classes\myspring\user\dao\mapper\UserMapper.class]
2023-10-11 15:38:45 182 [main] DEBUG org.apache.ibatis.logging.LogFactory - Logging initialized using 'class org.apache.ibatis.logging.log4j2.Log4j2Impl' adapter.
2023-10-11 15:40:14 010 [main] DEBUG org.mybatis.spring.mapper.ClassPathMapperScanner - Identified candidate component class: file [C:\sts3.9-bundle\workspace\MySpringUser\target\classes\myspring\user\dao\mapper\UserMapper.class]
2023-10-11 15:40:14 222 [main] DEBUG org.apache.ibatis.logging.LogFactory - Logging initialized using 'class org.apache.ibatis.logging.log4j2.Log4j2Impl' adapter.
2023-10-11 15:40:14 667 [main] DEBUG org.mybatis.spring.SqlSessionUtils - Creating a new SqlSession
2023-10-11 15:40:14 672 [main] DEBUG org.mybatis.spring.SqlSessionUtils - SqlSession [org.apache.ibatis.session.defaults.DefaultSqlSession@3b9d6699] was not registered for synchronization because synchronization is not active
2023-10-11 15:40:14 684 [main] DEBUG org.mybatis.spring.transaction.SpringManagedTransaction - JDBC Connection [HikariProxyConnection@454160179 wrapping org.mariadb.jdbc.Connection@476aac9] will not be managed by Spring
2023-10-11 15:40:14 690 [main] DEBUG myspring.user.dao.mapper.UserMapper.selectUserById - ==>  Preparing: select * from users where userid=?
2023-10-11 15:40:14 713 [main] DEBUG myspring.user.dao.mapper.UserMapper.selectUserById - ==> Parameters: gildong(String)
2023-10-11 15:40:14 750 [main] DEBUG myspring.user.dao.mapper.UserMapper.selectUserById - <==      Total: 1
2023-10-11 15:40:14 751 [main] DEBUG org.mybatis.spring.SqlSessionUtils - Closing non transactional SqlSession [org.apache.ibatis.session.defaults.DefaultSqlSession@3b9d6699]
2023-10-11 18:01:16 930 [main] DEBUG org.mybatis.spring.mapper.ClassPathMapperScanner - Identified candidate component class: file [C:\sts3.9-bundle\workspace\MySpringUser\target\classes\myspring\user\dao\mapper\UserMapper.class]
2023-10-11 18:01:17 119 [main] DEBUG org.apache.ibatis.logging.LogFactory - Logging initialized using 'class org.apache.ibatis.logging.log4j2.Log4j2Impl' adapter.
2023-10-11 18:01:17 594 [main] DEBUG org.mybatis.spring.SqlSessionUtils - Creating a new SqlSession
2023-10-11 18:01:17 599 [main] DEBUG org.mybatis.spring.SqlSessionUtils - SqlSession [org.apache.ibatis.session.defaults.DefaultSqlSession@6cea706c] was not registered for synchronization because synchronization is not active
2023-10-11 18:01:17 615 [main] DEBUG org.mybatis.spring.transaction.SpringManagedTransaction - JDBC Connection [HikariProxyConnection@712423434 wrapping org.mariadb.jdbc.Connection@7eb01b12] will not be managed by Spring
2023-10-11 18:01:17 625 [main] DEBUG myspring.user.dao.mapper.UserMapper.selectUserById - ==>  Preparing: select * from users where userid=?
2023-10-11 18:01:17 660 [main] DEBUG myspring.user.dao.mapper.UserMapper.selectUserById - ==> Parameters: gildong(String)
2023-10-11 18:01:17 699 [main] DEBUG myspring.user.dao.mapper.UserMapper.selectUserById - <==      Total: 1
2023-10-11 18:01:17 705 [main] DEBUG org.mybatis.spring.SqlSessionUtils - Closing non transactional SqlSession [org.apache.ibatis.session.defaults.DefaultSqlSession@6cea706c]
